
ROM used:   509/8192 (6%)
            509/8192 (6%) including unused fragments

            0.4 Average locations per line
            1.9 Average locations per statement

RAM used:   62/368 (17%) at main() level
            65/368 (18%) worst case

Stack used: 0 worst case (0 in main + 0 for interrupts)
Stack size: 8

Lines Stmts  %   Files
----- ----- ---  -----
  209   145  54  pi.c
  629     0   0  ..\..\Program Files (x86)\PICC\Devices\16F877.h
   37     0   0  ..\..\Program Files (x86)\PICC\Drivers\stdio.h
  423   125  46  ..\..\Program Files (x86)\PICC\Drivers\string.h
   32     0   0  ..\..\Program Files (x86)\PICC\Drivers\stddef.h
   28     0   0  ..\..\Program Files (x86)\PICC\Drivers\ctype.h
----- -----
 1358   270 Total

Page ROM  %  RAM   Vol Diff  Functions:
---- --- --- ---   --- ----  ----------
 Inline         5   231  6.6  strcmp
0     21   4    1             @delay_ms1
0    198  39    2  1024  6.8  MAIN
0     15   3    2   147  2.2  display
0    131  26    1  2083  4.4  keypad
0    140  28    1   614  6.2  check
 Inline         0             @cinit1

Program metrics:
    Functions               5
    Statements              270
    Comments                301
    Volume (V)              5363
    Difficulty (D)          26.4
    Effort to implement (E) 141439
    Time to implement (T)   2 hours, 11 minutes
    Est Delivered Bugs (B)  1
    Cyclomatic Complexity   25
    Maintainability (MI)    43

 Segment     Used  Free
-----------  ----  ----
00000-00003     4  0  
00004-007FF   505  1539  
00800-00FFF     0  2048  
01000-017FF     0  2048  
01800-01FFF     0  2048  



